# JRE version: Java(TM) SE Runtime Environment (11.0.2+7) (build 11.0.2+7-LTS)
# Java VM: Java HotSpot(TM) 64-Bit Server VM (11.0.2+7-LTS, mixed mode, tiered, compressed oops, g1 gc, linux-amd64)
Heap:
 garbage-first heap   total 155648K, used 26930K [0x0000000083200000, 0x0000000100000000)
  region size 1024K, 17 young (17408K), 11 survivors (11264K)
 Metaspace       used 41490K, capacity 42506K, committed 43008K, reserved 1087488K
  class space    used 4878K, capacity 5264K, committed 5376K, reserved 1048576K
GC Heap History (10 events):
Event: 0,673 GC heap before
{Heap before GC invocations=3 (full 0):
 garbage-first heap   total 129024K, used 26722K [0x0000000083200000, 0x0000000100000000)
  region size 1024K, 23 young (23552K), 5 survivors (5120K)
 Metaspace       used 24521K, capacity 25017K, committed 25344K, reserved 1071104K
  class space    used 2790K, capacity 2979K, committed 3072K, reserved 1048576K
}
Event: 0,678 GC heap after
{Heap after GC invocations=4 (full 0):
 garbage-first heap   total 129024K, used 8940K [0x0000000083200000, 0x0000000100000000)
  region size 1024K, 1 young (1024K), 1 survivors (1024K)
 Metaspace       used 24521K, capacity 25017K, committed 25344K, reserved 1071104K
  class space    used 2790K, capacity 2979K, committed 3072K, reserved 1048576K
}
Event: 0,818 GC heap before
{Heap before GC invocations=4 (full 0):
 garbage-first heap   total 129024K, used 62188K [0x0000000083200000, 0x0000000100000000)
  region size 1024K, 54 young (55296K), 1 survivors (1024K)
 Metaspace       used 28003K, capacity 28535K, committed 28800K, reserved 1075200K
  class space    used 3200K, capacity 3413K, committed 3456K, reserved 1048576K
}
Event: 0,821 GC heap after
{Heap after GC invocations=5 (full 0):
 garbage-first heap   total 129024K, used 10358K [0x0000000083200000, 0x0000000100000000)
  region size 1024K, 3 young (3072K), 3 survivors (3072K)
 Metaspace       used 28003K, capacity 28535K, committed 28800K, reserved 1075200K
  class space    used 3200K, capacity 3413K, committed 3456K, reserved 1048576K
}
Event: 1,415 GC heap before
{Heap before GC invocations=5 (full 0):
 garbage-first heap   total 129024K, used 72822K [0x0000000083200000, 0x0000000100000000)
  region size 1024K, 64 young (65536K), 3 survivors (3072K)
 Metaspace       used 34126K, capacity 34932K, committed 35200K, reserved 1079296K
  class space    used 4006K, capacity 4355K, committed 4480K, reserved 1048576K
}
Event: 1,422 GC heap after
{Heap after GC invocations=6 (full 0):
 garbage-first heap   total 155648K, used 14769K [0x0000000083200000, 0x0000000100000000)
  region size 1024K, 7 young (7168K), 7 survivors (7168K)
 Metaspace       used 34126K, capacity 34932K, committed 35200K, reserved 1079296K
  class space    used 4006K, capacity 4355K, committed 4480K, reserved 1048576K
}
Event: 1,515 GC heap before
{Heap before GC invocations=6 (full 0):
 garbage-first heap   total 155648K, used 23985K [0x0000000083200000, 0x0000000100000000)
  region size 1024K, 17 young (17408K), 7 survivors (7168K)
 Metaspace       used 34830K, capacity 35648K, committed 35840K, reserved 1081344K
  class space    used 4061K, capacity 4422K, committed 4480K, reserved 1048576K
}
Event: 1,526 GC heap after
{Heap after GC invocations=7 (full 0):
 garbage-first heap   total 155648K, used 15511K [0x0000000083200000, 0x0000000100000000)
  region size 1024K, 7 young (7168K), 7 survivors (7168K)
 Metaspace       used 34830K, capacity 35648K, committed 35840K, reserved 1081344K
  class space    used 4061K, capacity 4422K, committed 4480K, reserved 1048576K
}
Event: 2,003 GC heap before
{Heap before GC invocations=8 (full 0):
 garbage-first heap   total 155648K, used 97431K [0x0000000083200000, 0x0000000100000000)
  region size 1024K, 88 young (90112K), 7 survivors (7168K)
 Metaspace       used 41014K, capacity 41980K, committed 42368K, reserved 1087488K
  class space    used 4827K, capacity 5195K, committed 5248K, reserved 1048576K
}
Event: 2,013 GC heap after
{Heap after GC invocations=9 (full 0):
 garbage-first heap   total 155648K, used 21810K [0x0000000083200000, 0x0000000100000000)
  region size 1024K, 11 young (11264K), 11 survivors (11264K)
 Metaspace       used 41014K, capacity 41980K, committed 42368K, reserved 1087488K
  class space    used 4827K, capacity 5195K, committed 5248K, reserved 1048576K
}

