# JRE version: Java(TM) SE Runtime Environment (11.0.2+7) (build 11.0.2+7-LTS)
# Java VM: Java HotSpot(TM) 64-Bit Server VM (11.0.2+7-LTS, mixed mode, tiered, compressed oops, g1 gc, linux-amd64)
Heap:
 garbage-first heap   total 155648K, used 29150K [0x0000000083200000, 0x0000000100000000)
  region size 1024K, 20 young (20480K), 11 survivors (11264K)
 Metaspace       used 41479K, capacity 42506K, committed 42752K, reserved 1087488K
  class space    used 4876K, capacity 5264K, committed 5376K, reserved 1048576K
GC Heap History (10 events):
Event: 0,684 GC heap before
{Heap before GC invocations=3 (full 0):
 garbage-first heap   total 129024K, used 28684K [0x0000000083200000, 0x0000000100000000)
  region size 1024K, 26 young (26624K), 5 survivors (5120K)
 Metaspace       used 24885K, capacity 25339K, committed 25600K, reserved 1071104K
  class space    used 2861K, capacity 3045K, committed 3072K, reserved 1048576K
}
Event: 0,689 GC heap after
{Heap after GC invocations=4 (full 0):
 garbage-first heap   total 129024K, used 8966K [0x0000000083200000, 0x0000000100000000)
  region size 1024K, 3 young (3072K), 3 survivors (3072K)
 Metaspace       used 24885K, capacity 25339K, committed 25600K, reserved 1071104K
  class space    used 2861K, capacity 3045K, committed 3072K, reserved 1048576K
}
Event: 0,840 GC heap before
{Heap before GC invocations=4 (full 0):
 garbage-first heap   total 129024K, used 61190K [0x0000000083200000, 0x0000000100000000)
  region size 1024K, 55 young (56320K), 3 survivors (3072K)
 Metaspace       used 28226K, capacity 28820K, committed 29056K, reserved 1075200K
  class space    used 3213K, capacity 3444K, committed 3456K, reserved 1048576K
}
Event: 0,844 GC heap after
{Heap after GC invocations=5 (full 0):
 garbage-first heap   total 129024K, used 10497K [0x0000000083200000, 0x0000000100000000)
  region size 1024K, 4 young (4096K), 4 survivors (4096K)
 Metaspace       used 28226K, capacity 28820K, committed 29056K, reserved 1075200K
  class space    used 3213K, capacity 3444K, committed 3456K, reserved 1048576K
}
Event: 1,513 GC heap before
{Heap before GC invocations=5 (full 0):
 garbage-first heap   total 129024K, used 81153K [0x0000000083200000, 0x0000000100000000)
  region size 1024K, 73 young (74752K), 4 survivors (4096K)
 Metaspace       used 34689K, capacity 35556K, committed 35840K, reserved 1081344K
  class space    used 4049K, capacity 4390K, committed 4480K, reserved 1048576K
}
Event: 1,522 GC heap after
{Heap after GC invocations=6 (full 0):
 garbage-first heap   total 155648K, used 15141K [0x0000000083200000, 0x0000000100000000)
  region size 1024K, 9 young (9216K), 9 survivors (9216K)
 Metaspace       used 34689K, capacity 35556K, committed 35840K, reserved 1081344K
  class space    used 4049K, capacity 4390K, committed 4480K, reserved 1048576K
}
Event: 1,543 GC heap before
{Heap before GC invocations=6 (full 0):
 garbage-first heap   total 155648K, used 17189K [0x0000000083200000, 0x0000000100000000)
  region size 1024K, 12 young (12288K), 9 survivors (9216K)
 Metaspace       used 34823K, capacity 35652K, committed 35840K, reserved 1081344K
  class space    used 4060K, capacity 4422K, committed 4480K, reserved 1048576K
}
Event: 1,554 GC heap after
{Heap after GC invocations=7 (full 0):
 garbage-first heap   total 155648K, used 15031K [0x0000000083200000, 0x0000000100000000)
  region size 1024K, 5 young (5120K), 5 survivors (5120K)
 Metaspace       used 34823K, capacity 35652K, committed 35840K, reserved 1081344K
  class space    used 4060K, capacity 4422K, committed 4480K, reserved 1048576K
}
Event: 2,055 GC heap before
{Heap before GC invocations=8 (full 0):
 garbage-first heap   total 155648K, used 94903K [0x0000000083200000, 0x0000000100000000)
  region size 1024K, 84 young (86016K), 5 survivors (5120K)
 Metaspace       used 41001K, capacity 41980K, committed 42112K, reserved 1085440K
  class space    used 4825K, capacity 5195K, committed 5248K, reserved 1048576K
}
Event: 2,063 GC heap after
{Heap after GC invocations=9 (full 0):
 garbage-first heap   total 155648K, used 21982K [0x0000000083200000, 0x0000000100000000)
  region size 1024K, 11 young (11264K), 11 survivors (11264K)
 Metaspace       used 41001K, capacity 41980K, committed 42112K, reserved 1085440K
  class space    used 4825K, capacity 5195K, committed 5248K, reserved 1048576K
}

