# JRE version: Java(TM) SE Runtime Environment (11.0.2+7) (build 11.0.2+7-LTS)
# Java VM: Java HotSpot(TM) 64-Bit Server VM (11.0.2+7-LTS, mixed mode, tiered, compressed oops, g1 gc, linux-amd64)
Heap:
 garbage-first heap   total 198656K, used 64497K [0x0000000083200000, 0x0000000100000000)
  region size 1024K, 43 young (44032K), 6 survivors (6144K)
 Metaspace       used 63937K, capacity 65365K, committed 65664K, reserved 1105920K
  class space    used 8166K, capacity 8744K, committed 8832K, reserved 1048576K
GC Heap History (10 events):
Event: 1,350 GC heap before
{Heap before GC invocations=5 (full 0):
 garbage-first heap   total 129024K, used 70918K [0x0000000083200000, 0x0000000100000000)
  region size 1024K, 62 young (63488K), 3 survivors (3072K)
 Metaspace       used 33606K, capacity 34453K, committed 34560K, reserved 1079296K
  class space    used 3957K, capacity 4322K, committed 4352K, reserved 1048576K
}
Event: 1,357 GC heap after
{Heap after GC invocations=6 (full 0):
 garbage-first heap   total 155648K, used 14459K [0x0000000083200000, 0x0000000100000000)
  region size 1024K, 7 young (7168K), 7 survivors (7168K)
 Metaspace       used 33606K, capacity 34453K, committed 34560K, reserved 1079296K
  class space    used 3957K, capacity 4322K, committed 4352K, reserved 1048576K
}
Event: 1,480 GC heap before
{Heap before GC invocations=6 (full 0):
 garbage-first heap   total 155648K, used 26747K [0x0000000083200000, 0x0000000100000000)
  region size 1024K, 20 young (20480K), 7 survivors (7168K)
 Metaspace       used 34832K, capacity 35652K, committed 35840K, reserved 1081344K
  class space    used 4068K, capacity 4422K, committed 4480K, reserved 1048576K
}
Event: 1,489 GC heap after
{Heap after GC invocations=7 (full 0):
 garbage-first heap   total 155648K, used 15718K [0x0000000083200000, 0x0000000100000000)
  region size 1024K, 6 young (6144K), 6 survivors (6144K)
 Metaspace       used 34832K, capacity 35652K, committed 35840K, reserved 1081344K
  class space    used 4068K, capacity 4422K, committed 4480K, reserved 1048576K
}
Event: 1,995 GC heap before
{Heap before GC invocations=8 (full 0):
 garbage-first heap   total 155648K, used 99686K [0x0000000083200000, 0x0000000100000000)
  region size 1024K, 89 young (91136K), 6 survivors (6144K)
 Metaspace       used 41007K, capacity 41980K, committed 42112K, reserved 1085440K
  class space    used 4827K, capacity 5195K, committed 5248K, reserved 1048576K
}
Event: 2,004 GC heap after
{Heap after GC invocations=9 (full 0):
 garbage-first heap   total 155648K, used 22186K [0x0000000083200000, 0x0000000100000000)
  region size 1024K, 12 young (12288K), 12 survivors (12288K)
 Metaspace       used 41007K, capacity 41980K, committed 42112K, reserved 1085440K
  class space    used 4827K, capacity 5195K, committed 5248K, reserved 1048576K
}
Event: 2,759 GC heap before
{Heap before GC invocations=9 (full 0):
 garbage-first heap   total 155648K, used 103082K [0x0000000083200000, 0x0000000100000000)
  region size 1024K, 91 young (93184K), 12 survivors (12288K)
 Metaspace       used 52616K, capacity 53820K, committed 54144K, reserved 1095680K
  class space    used 6496K, capacity 6946K, committed 7040K, reserved 1048576K
}
Event: 2,768 GC heap after
{Heap after GC invocations=10 (full 0):
 garbage-first heap   total 155648K, used 27233K [0x0000000083200000, 0x0000000100000000)
  region size 1024K, 6 young (6144K), 6 survivors (6144K)
 Metaspace       used 52616K, capacity 53820K, committed 54144K, reserved 1095680K
  class space    used 6496K, capacity 6946K, committed 7040K, reserved 1048576K
}
Event: 3,040 GC heap before
{Heap before GC invocations=10 (full 0):
 garbage-first heap   total 155648K, used 60001K [0x0000000083200000, 0x0000000100000000)
  region size 1024K, 39 young (39936K), 6 survivors (6144K)
 Metaspace       used 58619K, capacity 59828K, committed 60160K, reserved 1101824K
  class space    used 7396K, capacity 7876K, committed 7936K, reserved 1048576K
}
Event: 3,045 GC heap after
{Heap after GC invocations=11 (full 0):
 garbage-first heap   total 198656K, used 27633K [0x0000000083200000, 0x0000000100000000)
  region size 1024K, 6 young (6144K), 6 survivors (6144K)
 Metaspace       used 58619K, capacity 59828K, committed 60160K, reserved 1101824K
  class space    used 7396K, capacity 7876K, committed 7936K, reserved 1048576K
}

