# JRE version: Java(TM) SE Runtime Environment (11.0.2+7) (build 11.0.2+7-LTS)
# Java VM: Java HotSpot(TM) 64-Bit Server VM (11.0.2+7-LTS, mixed mode, tiered, compressed oops, g1 gc, linux-amd64)
Heap:
 garbage-first heap   total 129024K, used 33141K [0x0000000083200000, 0x0000000100000000)
  region size 1024K, 27 young (27648K), 4 survivors (4096K)
 Metaspace       used 30010K, capacity 30704K, committed 30848K, reserved 1077248K
  class space    used 3434K, capacity 3700K, committed 3712K, reserved 1048576K
GC Heap History (8 events):
Event: 0,371 GC heap before
{Heap before GC invocations=0 (full 0):
 garbage-first heap   total 129024K, used 25600K [0x0000000083200000, 0x0000000100000000)
  region size 1024K, 24 young (24576K), 0 survivors (0K)
 Metaspace       used 13414K, capacity 13697K, committed 13952K, reserved 1062912K
  class space    used 1307K, capacity 1376K, committed 1408K, reserved 1048576K
}
Event: 0,374 GC heap after
{Heap after GC invocations=1 (full 0):
 garbage-first heap   total 129024K, used 6599K [0x0000000083200000, 0x0000000100000000)
  region size 1024K, 3 young (3072K), 3 survivors (3072K)
 Metaspace       used 13414K, capacity 13697K, committed 13952K, reserved 1062912K
  class space    used 1307K, capacity 1376K, committed 1408K, reserved 1048576K
}
Event: 0,588 GC heap before
{Heap before GC invocations=1 (full 0):
 garbage-first heap   total 129024K, used 50631K [0x0000000083200000, 0x0000000100000000)
  region size 1024K, 47 young (48128K), 3 survivors (3072K)
 Metaspace       used 20754K, capacity 21165K, committed 21248K, reserved 1069056K
  class space    used 2379K, capacity 2550K, committed 2560K, reserved 1048576K
}
Event: 0,592 GC heap after
{Heap after GC invocations=2 (full 0):
 garbage-first heap   total 129024K, used 8370K [0x0000000083200000, 0x0000000100000000)
  region size 1024K, 5 young (5120K), 5 survivors (5120K)
 Metaspace       used 20754K, capacity 21165K, committed 21248K, reserved 1069056K
  class space    used 2379K, capacity 2550K, committed 2560K, reserved 1048576K
}
Event: 0,701 GC heap before
{Heap before GC invocations=3 (full 0):
 garbage-first heap   total 129024K, used 28850K [0x0000000083200000, 0x0000000100000000)
  region size 1024K, 25 young (25600K), 5 survivors (5120K)
 Metaspace       used 24796K, capacity 25326K, committed 25600K, reserved 1071104K
  class space    used 2824K, capacity 3017K, committed 3072K, reserved 1048576K
}
Event: 0,704 GC heap after
{Heap after GC invocations=4 (full 0):
 garbage-first heap   total 129024K, used 9393K [0x0000000083200000, 0x0000000100000000)
  region size 1024K, 3 young (3072K), 3 survivors (3072K)
 Metaspace       used 24796K, capacity 25326K, committed 25600K, reserved 1071104K
  class space    used 2824K, capacity 3017K, committed 3072K, reserved 1048576K
}
Event: 0,860 GC heap before
{Heap before GC invocations=4 (full 0):
 garbage-first heap   total 129024K, used 62641K [0x0000000083200000, 0x0000000100000000)
  region size 1024K, 56 young (57344K), 3 survivors (3072K)
 Metaspace       used 27993K, capacity 28535K, committed 28800K, reserved 1075200K
  class space    used 3204K, capacity 3413K, committed 3456K, reserved 1048576K
}
Event: 0,864 GC heap after
{Heap after GC invocations=5 (full 0):
 garbage-first heap   total 129024K, used 10613K [0x0000000083200000, 0x0000000100000000)
  region size 1024K, 4 young (4096K), 4 survivors (4096K)
 Metaspace       used 27993K, capacity 28535K, committed 28800K, reserved 1075200K
  class space    used 3204K, capacity 3413K, committed 3456K, reserved 1048576K
}

